This is pdfTeXk, Version 3.1415926-1.40.9 (Web2C 7.5.7) (format=pdflatex 2012.10.5)  30 NOV 2012 16:08
entering extended mode
 %&-line parsing enabled.
**final_report.tex
(./final_report.tex
LaTeX2e <2005/12/01>
Babel <v3.8l> and hyphenation patterns for english, usenglishmax, dumylang, noh
yphenation, german-x-2008-06-18, ngerman-x-2008-06-18, ancientgreek, ibycus, ar
abic, basque, bulgarian, catalan, pinyin, coptic, croatian, czech, danish, dutc
h, esperanto, estonian, farsi, finnish, french, galician, german, ngerman, mono
greek, greek, hungarian, icelandic, indonesian, interlingua, irish, italian, la
tin, lithuanian, mongolian, mongolian2a, bokmal, nynorsk, polish, portuguese, r
omanian, russian, sanskrit, serbian, slovak, slovenian, spanish, swedish, turki
sh, ukenglish, ukrainian, uppersorbian, welsh, loaded.
(/v/filer4b/software/texlive/2008/texmf-dist/tex/latex/base/article.cls
Document Class: article 2005/09/16 v1.4f Standard LaTeX document class
(/v/filer4b/software/texlive/2008/texmf-dist/tex/latex/base/size11.clo
File: size11.clo 2005/09/16 v1.4f Standard LaTeX file (size option)
)
\c@part=\count79
\c@section=\count80
\c@subsection=\count81
\c@subsubsection=\count82
\c@paragraph=\count83
\c@subparagraph=\count84
\c@figure=\count85
\c@table=\count86
\abovecaptionskip=\skip41
\belowcaptionskip=\skip42
\bibindent=\dimen102
)
(./acl-hlt2011.sty
Conference Style for ACL 2005 -- released Octobe 11, 2004
\titlebox=\skip43
) (/v/filer4b/software/texlive/2008/texmf-dist/tex/latex/psnfss/times.sty
Package: times 2005/04/12 PSNFSS-v9.2a (SPQR) 
)
(/v/filer4b/software/texlive/2008/texmf-dist/tex/latex/base/latexsym.sty
Package: latexsym 1998/08/17 v2.2e Standard LaTeX package (lasy symbols)
\symlasy=\mathgroup4
LaTeX Font Info:    Overwriting symbol font `lasy' in version `bold'
(Font)                  U/lasy/m/n --> U/lasy/b/n on input line 47.
)
(/v/filer4b/software/texlive/2008/texmf-dist/tex/latex/amsmath/amsmath.sty
Package: amsmath 2000/07/18 v2.13 AMS math features
\@mathmargin=\skip44

For additional information on amsmath, use the `?' option.
(/v/filer4b/software/texlive/2008/texmf-dist/tex/latex/amsmath/amstext.sty
Package: amstext 2000/06/29 v2.01

(/v/filer4b/software/texlive/2008/texmf-dist/tex/latex/amsmath/amsgen.sty
File: amsgen.sty 1999/11/30 v2.0
\@emptytoks=\toks14
\ex@=\dimen103
))
(/v/filer4b/software/texlive/2008/texmf-dist/tex/latex/amsmath/amsbsy.sty
Package: amsbsy 1999/11/29 v1.2d
\pmbraise@=\dimen104
)
(/v/filer4b/software/texlive/2008/texmf-dist/tex/latex/amsmath/amsopn.sty
Package: amsopn 1999/12/14 v2.01 operator names
)
\inf@bad=\count87
LaTeX Info: Redefining \frac on input line 211.
\uproot@=\count88
\leftroot@=\count89
LaTeX Info: Redefining \overline on input line 307.
\classnum@=\count90
\DOTSCASE@=\count91
LaTeX Info: Redefining \ldots on input line 379.
LaTeX Info: Redefining \dots on input line 382.
LaTeX Info: Redefining \cdots on input line 467.
\Mathstrutbox@=\box26
\strutbox@=\box27
\big@size=\dimen105
LaTeX Font Info:    Redeclaring font encoding OML on input line 567.
LaTeX Font Info:    Redeclaring font encoding OMS on input line 568.
\macc@depth=\count92
\c@MaxMatrixCols=\count93
\dotsspace@=\muskip10
\c@parentequation=\count94
\dspbrk@lvl=\count95
\tag@help=\toks15
\row@=\count96
\column@=\count97
\maxfields@=\count98
\andhelp@=\toks16
\eqnshift@=\dimen106
\alignsep@=\dimen107
\tagshift@=\dimen108
\tagwidth@=\dimen109
\totwidth@=\dimen110
\lineht@=\dimen111
\@envbody=\toks17
\multlinegap=\skip45
\multlinetaggap=\skip46
\mathdisplay@stack=\toks18
LaTeX Info: Redefining \[ on input line 2666.
LaTeX Info: Redefining \] on input line 2667.
)
(./multirow.sty
\bigstrutjot=\dimen112
)
(/v/filer4b/software/texlive/2008/texmf-local/tex/latex/html/url.sty
Package: url 1999/03/02  ver 1.4  Verb mode for urls, email addresses, and file
 names
)
(/v/filer4b/software/texlive/2008/texmf-dist/tex/latex/graphics/graphicx.sty
Package: graphicx 1999/02/16 v1.0f Enhanced LaTeX Graphics (DPC,SPQR)

(/v/filer4b/software/texlive/2008/texmf-dist/tex/latex/graphics/keyval.sty
Package: keyval 1999/03/16 v1.13 key=value parser (DPC)
\KV@toks@=\toks19
)
(/v/filer4b/software/texlive/2008/texmf-dist/tex/latex/graphics/graphics.sty
Package: graphics 2006/02/20 v1.0o Standard LaTeX Graphics (DPC,SPQR)

(/v/filer4b/software/texlive/2008/texmf-dist/tex/latex/graphics/trig.sty
Package: trig 1999/03/16 v1.09 sin cos tan (DPC)
)
(/v/filer4b/software/texlive/2008/texmf/tex/latex/config/graphics.cfg
File: graphics.cfg 2007/01/18 v1.5 graphics configuration of teTeX/TeXLive
)
Package graphics Info: Driver file: pdftex.def on input line 90.

(/v/filer4b/software/texlive/2008/texmf-dist/tex/latex/pdftex-def/pdftex.def
File: pdftex.def 2008/09/08 v0.04l Graphics/color for pdfTeX
\Gread@gobject=\count99
))
\Gin@req@height=\dimen113
\Gin@req@width=\dimen114
) (./final_report.aux)
\openout1 = `final_report.aux'.

LaTeX Font Info:    Checking defaults for OML/cmm/m/it on input line 29.
LaTeX Font Info:    ... okay on input line 29.
LaTeX Font Info:    Checking defaults for T1/cmr/m/n on input line 29.
LaTeX Font Info:    ... okay on input line 29.
LaTeX Font Info:    Checking defaults for OT1/cmr/m/n on input line 29.
LaTeX Font Info:    ... okay on input line 29.
LaTeX Font Info:    Checking defaults for OMS/cmsy/m/n on input line 29.
LaTeX Font Info:    ... okay on input line 29.
LaTeX Font Info:    Checking defaults for OMX/cmex/m/n on input line 29.
LaTeX Font Info:    ... okay on input line 29.
LaTeX Font Info:    Checking defaults for U/cmr/m/n on input line 29.
LaTeX Font Info:    ... okay on input line 29.
LaTeX Font Info:    Try loading font information for OT1+ptm on input line 29.

(/v/filer4b/software/texlive/2008/texmf-dist/tex/latex/psnfss/ot1ptm.fd
File: ot1ptm.fd 2001/06/04 font definitions for OT1/ptm.
)
(/v/filer4b/software/texlive/2008/texmf-dist/tex/context/base/supp-pdf.tex
[Loading MPS to PDF converter (version 2006.09.02).]
\scratchcounter=\count100
\scratchdimen=\dimen115
\scratchbox=\box28
\nofMPsegments=\count101
\nofMParguments=\count102
\everyMPshowfont=\toks20
\MPscratchCnt=\count103
\MPscratchDim=\dimen116
\MPnumerator=\count104
\everyMPtoPDFconversion=\toks21
)
LaTeX Font Info:    Font shape `OT1/ptm/bx/n' in size <14.4> not available
(Font)              Font shape `OT1/ptm/b/n' tried instead on input line 30.
LaTeX Font Info:    Try loading font information for U+lasy on input line 30.
 (/v/filer4b/software/texlive/2008/texmf-dist/tex/latex/base/ulasy.fd
File: ulasy.fd 1998/08/17 v2.2e LaTeX symbol font definitions
)
LaTeX Font Info:    Font shape `OT1/ptm/bx/n' in size <12> not available
(Font)              Font shape `OT1/ptm/b/n' tried instead on input line 30.
LaTeX Font Info:    Try loading font information for OT1+pcr on input line 30.

(/v/filer4b/software/texlive/2008/texmf-dist/tex/latex/psnfss/ot1pcr.fd
File: ot1pcr.fd 2001/06/04 font definitions for OT1/pcr.
)
Underfull \hbox (badness 2020) in paragraph at lines 32--33
\OT1/ptm/m/n/10 cause of the con-straint on the length of
 []


Underfull \hbox (badness 1769) in paragraph at lines 32--33
\OT1/ptm/m/n/10 tweets, and also be-cause of multi-lingual
 []

[1{/v/filer4b/software/texlive/2008/texmf-var/fonts/map/pdftex/updmap/pdftex.ma
p}




]
Underfull \hbox (badness 10000) in paragraph at lines 54--54
[][]\OT1/ptm/m/n/9 http://blog.echen.me/2011/05/01/unsupervised-language-
 []

[2]
LaTeX Font Info:    Font shape `OT1/ptm/bx/n' in size <10> not available
(Font)              Font shape `OT1/ptm/b/n' tried instead on input line 68.
LaTeX Font Info:    Try loading font information for OMS+ptm on input line 89.
 (/v/filer4b/software/texlive/2008/texmf-dist/tex/latex/psnfss/omsptm.fd
File: omsptm.fd 
)
LaTeX Font Info:    Font shape `OMS/ptm/m/n' in size <10.95> not available
(Font)              Font shape `OMS/cmsy/m/n' tried instead on input line 89.

Underfull \hbox (badness 1337) in paragraph at lines 89--91
\OT1/ptm/m/n/10.95 blog-ger pro-file is then the vec-tor ($\OML/cmm/m/it/10.95 
s[]; s[]; :::; s[]$\OT1/ptm/m/n/10.95 )
 []


Underfull \hbox (badness 10000) in paragraph at lines 89--91

 []

[3]
Underfull \hbox (badness 3407) in paragraph at lines 120--120
[][]\OT1/ptm/m/n/9 The dataset was taken from the test data used in
 []

<accuracy_words.png, id=20, 1204.5pt x 903.375pt>
File: accuracy_words.png Graphic file (type png)
 <use accuracy_words.png>
LaTeX Font Info:    Font shape `OT1/ptm/bx/n' in size <10.95> not available
(Font)              Font shape `OT1/ptm/b/n' tried instead on input line 131.

[4 <./accuracy_words.png (PNG copy)>]
<ngramVsAccuracy.png, id=24, 578.16pt x 433.62pt>
File: ngramVsAccuracy.png Graphic file (type png)
 <use ngramVsAccuracy.png>
Underfull \hbox (badness 4531) in paragraph at lines 163--164
[]\OT1/ptm/b/n/10.95 Language pre-dic-tion us-ing blog-ger prior:
 []

<unknown_plot.png, id=25, 961.5925pt x 403.5075pt>
File: unknown_plot.png Graphic file (type png)
 <use unknown_plot.png>
Overfull \hbox (11.04008pt too wide) in paragraph at lines 187--188
[][] 
 []

[5 <./ngramVsAccuracy.png (PNG copy)>]
Underfull \vbox (badness 1292) has occurred while \output is active []

 [6 <./unknown_plot.png (PNG copy)>]
Underfull \hbox (badness 7685) in paragraph at lines 214--218
[]\OT1/ptm/m/n/10 Chen, Ed-win.  2011.  Fil-ter-ing for En-glish
 []


Underfull \hbox (badness 1400) in paragraph at lines 214--218
\OT1/ptm/m/n/10 ter.  \OT1/ptm/m/it/10 http://blog.echen.me/2011/05/01/unsuperv
ised-
 []


Overfull \hbox (32.91714pt too wide) in paragraph at lines 226--230
\OT1/ptm/m/it/10 half[]of[]messages[]on[]twitter[]are[]not[]in[]english[]201002
24.pdf\OT1/ptm/m/n/10 . 
 []

[7

] (./final_report.aux) ) 
Here is how much of TeX's memory you used:
 1765 strings out of 493876
 22622 string characters out of 1147346
 80804 words of memory out of 3000000
 5015 multiletter control sequences out of 10000+50000
 31033 words of font info for 71 fonts, out of 3000000 for 5000
 714 hyphenation exceptions out of 8191
 27i,9n,20p,1507b,308s stack positions out of 5000i,500n,10000p,200000b,50000s
{/v/filer4b/software/texlive/2008/texmf-dist/fonts/enc/
dvips/base/8r.enc}</v/filer4b/software/texlive/2008/texmf-dist/fonts/type1/blue
sky/cm/cmmi10.pfb></v/filer4b/software/texlive/2008/texmf-dist/fonts/type1/blue
sky/cm/cmmi8.pfb></v/filer4b/software/texlive/2008/texmf-dist/fonts/type1/blues
ky/cm/cmmi9.pfb></v/filer4b/software/texlive/2008/texmf-dist/fonts/type1/bluesk
y/cm/cmr10.pfb></v/filer4b/software/texlive/2008/texmf-dist/fonts/type1/bluesky
/cm/cmr8.pfb></v/filer4b/software/texlive/2008/texmf-dist/fonts/type1/bluesky/c
m/cmr9.pfb></v/filer4b/software/texlive/2008/texmf-dist/fonts/type1/bluesky/cm/
cmsy10.pfb></v/filer4b/software/texlive/2008/texmf-dist/fonts/type1/bluesky/cm/
cmsy8.pfb></v/filer4b/software/texlive/2008/texmf-dist/fonts/type1/urw/courier/
ucrr8a.pfb></v/filer4b/software/texlive/2008/texmf-dist/fonts/type1/urw/times/u
tmb8a.pfb></v/filer4b/software/texlive/2008/texmf-dist/fonts/type1/urw/times/ut
mr8a.pfb></v/filer4b/software/texlive/2008/texmf-dist/fonts/type1/urw/times/utm
ri8a.pfb>
Output written on final_report.pdf (7 pages, 511785 bytes).
PDF statistics:
 78 PDF objects out of 1000 (max. 8388607)
 0 named destinations out of 1000 (max. 131072)
 16 words of extra memory for PDF output out of 10000 (max. 10000000)

